<?xml version="1.0" encoding="UTF-8"?>
<!-- Generated by org.testng.reporters.JUnitXMLReporter -->
<testsuite ignored="4" hostname="QSP" failures="0" tests="3" name="Test" time="5.913" errors="0" timestamp="2021-09-26T10:04:58 IST">
  <testcase classname="com.skillrary.rmgyantra.sripts.AddingSingleProjectwithcompletedstatus" name="completed" time="5.368"/>
  <testcase classname="com.skillrary.rmgyantra.sripts.AddingSingleProjectwithOngoingstatus" name="onGoing" time="0.234"/>
  <testcase classname="com.skillrary.rmgyantra.sripts.AddingSingleprojectwithcreatedstatus" name="createStatus" time="0.226"/>
  <testcase classname="com.skillrary.rmgyantra.genericlib.BaseClass" name="@AfterSuite ConfigAS" time="0.0">
    <ignored/>
  </testcase> <!-- @AfterSuite ConfigAS -->
  <testcase classname="com.skillrary.rmgyantra.genericlib.BaseClass" name="@AfterSuite ConfigAS" time="0.0">
    <ignored/>
  </testcase> <!-- @AfterSuite ConfigAS -->
  <testcase classname="com.skillrary.rmgyantra.genericlib.BaseClass" name="@BeforeSuite ConfigBS" time="0.0">
    <ignored/>
  </testcase> <!-- @BeforeSuite ConfigBS -->
  <testcase classname="com.skillrary.rmgyantra.genericlib.BaseClass" name="@BeforeSuite ConfigBS" time="0.0">
    <ignored/>
  </testcase> <!-- @BeforeSuite ConfigBS -->
</testsuite> <!-- Test -->
